00:04:40.975 [http-nio-8080-exec-7] WARN  org.springframework.web.servlet.mvc.support.DefaultHandlerExceptionResolver - Resolved [org.springframework.http.converter.HttpMessageNotReadableException: JSON parse error: Cannot deserialize instance of `java.lang.Long` out of START_OBJECT token; nested exception is com.fasterxml.jackson.databind.exc.MismatchedInputException: Cannot deserialize instance of `java.lang.Long` out of START_OBJECT token
 at [Source: (PushbackInputStream); line: 4, column: 13] (through reference chain: ro.fasttrackit.vetclinic.model.ConsultationDto["petId"])] <no request,no span> 
18:58:26.086 [main] INFO  ro.fasttrackit.vetclinic.VetclinicApplication - Starting VetclinicApplication using Java 15 on DESKTOP-SU0I9BM with PID 12060 (C:\Work\spring-vet-clinic\vet-clinic\build\classes\java\main started by Acer in C:\Work\spring-vet-clinic) <no request,no span> 
18:58:26.094 [main] DEBUG ro.fasttrackit.vetclinic.VetclinicApplication - Running with Spring Boot v2.4.2, Spring v5.3.3 <no request,no span> 
18:58:26.095 [main] INFO  ro.fasttrackit.vetclinic.VetclinicApplication - The following profiles are active: usage_message <no request,no span> 
18:58:29.131 [main] INFO  org.springframework.data.repository.config.RepositoryConfigurationDelegate - Bootstrapping Spring Data JPA repositories in DEFAULT mode. <no request,no span> 
18:58:29.330 [main] INFO  org.springframework.data.repository.config.RepositoryConfigurationDelegate - Finished Spring Data repository scanning in 171 ms. Found 5 JPA repository interfaces. <no request,no span> 
18:58:31.173 [main] INFO  org.springframework.boot.web.embedded.tomcat.TomcatWebServer - Tomcat initialized with port(s): 8080 (http) <no request,no span> 
18:58:31.191 [main] INFO  org.apache.coyote.http11.Http11NioProtocol - Initializing ProtocolHandler ["http-nio-8080"] <no request,no span> 
18:58:31.192 [main] INFO  org.apache.catalina.core.StandardService - Starting service [Tomcat] <no request,no span> 
18:58:31.193 [main] INFO  org.apache.catalina.core.StandardEngine - Starting Servlet engine: [Apache Tomcat/9.0.41] <no request,no span> 
18:58:31.468 [main] INFO  org.apache.catalina.core.ContainerBase.[Tomcat].[localhost].[/] - Initializing Spring embedded WebApplicationContext <no request,no span> 
18:58:31.469 [main] INFO  org.springframework.boot.web.servlet.context.ServletWebServerApplicationContext - Root WebApplicationContext: initialization completed in 5234 ms <no request,no span> 
18:58:32.231 [main] INFO  org.hibernate.jpa.internal.util.LogHelper - HHH000204: Processing PersistenceUnitInfo [name: default] <no request,no span> 
18:58:32.378 [main] INFO  org.hibernate.Version - HHH000412: Hibernate ORM core version 5.4.27.Final <no request,no span> 
18:58:32.901 [main] INFO  org.hibernate.annotations.common.Version - HCANN000001: Hibernate Commons Annotations {5.1.2.Final} <no request,no span> 
18:58:33.108 [main] INFO  com.zaxxer.hikari.HikariDataSource - HikariPool-1 - Starting... <no request,no span> 
18:58:33.530 [main] INFO  com.zaxxer.hikari.HikariDataSource - HikariPool-1 - Start completed. <no request,no span> 
18:58:33.572 [main] INFO  org.hibernate.dialect.Dialect - HHH000400: Using dialect: org.hibernate.dialect.PostgreSQL95Dialect <no request,no span> 
18:58:36.540 [main] INFO  org.hibernate.engine.transaction.jta.platform.internal.JtaPlatformInitiator - HHH000490: Using JtaPlatform implementation: [org.hibernate.engine.transaction.jta.platform.internal.NoJtaPlatform] <no request,no span> 
18:58:36.571 [main] INFO  org.springframework.orm.jpa.LocalContainerEntityManagerFactoryBean - Initialized JPA EntityManagerFactory for persistence unit 'default' <no request,no span> 
18:58:38.593 [main] WARN  org.springframework.boot.autoconfigure.orm.jpa.JpaBaseConfiguration$JpaWebConfiguration - spring.jpa.open-in-view is enabled by default. Therefore, database queries may be performed during view rendering. Explicitly configure spring.jpa.open-in-view to disable this warning <no request,no span> 
18:58:38.970 [main] INFO  org.springframework.boot.actuate.endpoint.web.EndpointLinksResolver - Exposing 2 endpoint(s) beneath base path '/actuator' <no request,no span> 
18:58:39.336 [main] INFO  org.springframework.scheduling.concurrent.ThreadPoolTaskExecutor - Initializing ExecutorService 'applicationTaskExecutor' <no request,no span> 
18:58:39.817 [main] INFO  org.apache.coyote.http11.Http11NioProtocol - Starting ProtocolHandler ["http-nio-8080"] <no request,no span> 
18:58:39.892 [main] INFO  org.springframework.boot.web.embedded.tomcat.TomcatWebServer - Tomcat started on port(s): 8080 (http) with context path '' <no request,no span> 
18:58:40.793 [main] INFO  ro.fasttrackit.vetclinic.VetclinicApplication - Started VetclinicApplication in 15.826 seconds (JVM running for 17.039) <no request,no span> 
18:59:40.304 [http-nio-8080-exec-1] INFO  org.apache.catalina.core.ContainerBase.[Tomcat].[localhost].[/] - Initializing Spring DispatcherServlet 'dispatcherServlet' <no request,no span> 
18:59:40.305 [http-nio-8080-exec-1] INFO  org.springframework.web.servlet.DispatcherServlet - Initializing Servlet 'dispatcherServlet' <no request,no span> 
18:59:40.308 [http-nio-8080-exec-1] INFO  org.springframework.web.servlet.DispatcherServlet - Completed initialization in 2 ms <no request,no span> 
18:59:40.450 [http-nio-8080-exec-1] WARN  org.springframework.web.servlet.mvc.support.DefaultHandlerExceptionResolver - Resolved [org.springframework.http.converter.HttpMessageNotReadableException: JSON parse error: Cannot deserialize instance of `java.lang.Long` out of START_ARRAY token; nested exception is com.fasterxml.jackson.databind.exc.MismatchedInputException: Cannot deserialize instance of `java.lang.Long` out of START_ARRAY token
 at [Source: (PushbackInputStream); line: 4, column: 12] (through reference chain: ro.fasttrackit.vetclinic.model.ConsultationDto["petId"])] <no request,no span> 
20:00:51.271 [main] INFO  ro.fasttrackit.vetclinic.VetclinicApplication - Starting VetclinicApplication using Java 15 on DESKTOP-SU0I9BM with PID 2516 (C:\Work\spring-vet-clinic\vet-clinic\build\classes\java\main started by Acer in C:\Work\spring-vet-clinic) <no request,no span> 
20:00:51.287 [main] DEBUG ro.fasttrackit.vetclinic.VetclinicApplication - Running with Spring Boot v2.4.2, Spring v5.3.3 <no request,no span> 
20:00:51.287 [main] INFO  ro.fasttrackit.vetclinic.VetclinicApplication - The following profiles are active: usage_message <no request,no span> 
20:00:54.787 [main] INFO  org.springframework.data.repository.config.RepositoryConfigurationDelegate - Bootstrapping Spring Data JPA repositories in DEFAULT mode. <no request,no span> 
20:00:55.015 [main] INFO  org.springframework.data.repository.config.RepositoryConfigurationDelegate - Finished Spring Data repository scanning in 190 ms. Found 5 JPA repository interfaces. <no request,no span> 
20:00:56.821 [main] INFO  org.springframework.boot.web.embedded.tomcat.TomcatWebServer - Tomcat initialized with port(s): 8080 (http) <no request,no span> 
20:00:56.869 [main] INFO  org.apache.coyote.http11.Http11NioProtocol - Initializing ProtocolHandler ["http-nio-8080"] <no request,no span> 
20:00:56.872 [main] INFO  org.apache.catalina.core.StandardService - Starting service [Tomcat] <no request,no span> 
20:00:56.874 [main] INFO  org.apache.catalina.core.StandardEngine - Starting Servlet engine: [Apache Tomcat/9.0.41] <no request,no span> 
20:00:57.253 [main] INFO  org.apache.catalina.core.ContainerBase.[Tomcat].[localhost].[/] - Initializing Spring embedded WebApplicationContext <no request,no span> 
20:00:57.253 [main] INFO  org.springframework.boot.web.servlet.context.ServletWebServerApplicationContext - Root WebApplicationContext: initialization completed in 5693 ms <no request,no span> 
20:00:58.115 [main] INFO  org.hibernate.jpa.internal.util.LogHelper - HHH000204: Processing PersistenceUnitInfo [name: default] <no request,no span> 
20:00:58.264 [main] INFO  org.hibernate.Version - HHH000412: Hibernate ORM core version 5.4.27.Final <no request,no span> 
20:00:58.708 [main] INFO  org.hibernate.annotations.common.Version - HCANN000001: Hibernate Commons Annotations {5.1.2.Final} <no request,no span> 
20:00:58.985 [main] INFO  com.zaxxer.hikari.HikariDataSource - HikariPool-1 - Starting... <no request,no span> 
20:00:59.532 [main] INFO  com.zaxxer.hikari.HikariDataSource - HikariPool-1 - Start completed. <no request,no span> 
20:00:59.579 [main] INFO  org.hibernate.dialect.Dialect - HHH000400: Using dialect: org.hibernate.dialect.PostgreSQL95Dialect <no request,no span> 
20:01:02.413 [main] INFO  org.hibernate.engine.transaction.jta.platform.internal.JtaPlatformInitiator - HHH000490: Using JtaPlatform implementation: [org.hibernate.engine.transaction.jta.platform.internal.NoJtaPlatform] <no request,no span> 
20:01:02.429 [main] INFO  org.springframework.orm.jpa.LocalContainerEntityManagerFactoryBean - Initialized JPA EntityManagerFactory for persistence unit 'default' <no request,no span> 
20:01:04.737 [main] WARN  org.springframework.boot.autoconfigure.orm.jpa.JpaBaseConfiguration$JpaWebConfiguration - spring.jpa.open-in-view is enabled by default. Therefore, database queries may be performed during view rendering. Explicitly configure spring.jpa.open-in-view to disable this warning <no request,no span> 
20:01:05.181 [main] INFO  org.springframework.boot.actuate.endpoint.web.EndpointLinksResolver - Exposing 2 endpoint(s) beneath base path '/actuator' <no request,no span> 
20:01:05.594 [main] INFO  org.springframework.scheduling.concurrent.ThreadPoolTaskExecutor - Initializing ExecutorService 'applicationTaskExecutor' <no request,no span> 
20:01:06.116 [main] INFO  org.apache.coyote.http11.Http11NioProtocol - Starting ProtocolHandler ["http-nio-8080"] <no request,no span> 
20:01:06.179 [main] INFO  org.springframework.boot.web.embedded.tomcat.TomcatWebServer - Tomcat started on port(s): 8080 (http) with context path '' <no request,no span> 
20:01:07.198 [main] INFO  ro.fasttrackit.vetclinic.VetclinicApplication - Started VetclinicApplication in 16.863 seconds (JVM running for 18.397) <no request,no span> 
20:01:44.080 [http-nio-8080-exec-2] INFO  org.apache.catalina.core.ContainerBase.[Tomcat].[localhost].[/] - Initializing Spring DispatcherServlet 'dispatcherServlet' <no request,no span> 
20:01:44.081 [http-nio-8080-exec-2] INFO  org.springframework.web.servlet.DispatcherServlet - Initializing Servlet 'dispatcherServlet' <no request,no span> 
20:01:44.085 [http-nio-8080-exec-2] INFO  org.springframework.web.servlet.DispatcherServlet - Completed initialization in 3 ms <no request,no span> 
20:11:18.086 [http-nio-8080-exec-5] INFO  org.springframework.amqp.rabbit.connection.CachingConnectionFactory - Attempting to connect to: [localhost:5672] <no request,no span> 
20:11:18.243 [http-nio-8080-exec-5] INFO  org.springframework.amqp.rabbit.connection.CachingConnectionFactory - Created new connection: rabbitConnectionFactory#4eb3b690:0/SimpleConnection@a784bba [delegate=amqp://guest@127.0.0.1:5672/, localPort= 53656] <no request,no span> 
20:57:19.615 [main] INFO  ro.fasttrackit.vetclinic.VetclinicApplication - Starting VetclinicApplication using Java 15 on DESKTOP-SU0I9BM with PID 13672 (C:\Work\spring-vet-clinic\vet-clinic\build\classes\java\main started by Acer in C:\Work\spring-vet-clinic) <no request,no span> 
20:57:19.615 [main] DEBUG ro.fasttrackit.vetclinic.VetclinicApplication - Running with Spring Boot v2.4.2, Spring v5.3.3 <no request,no span> 
20:57:19.615 [main] INFO  ro.fasttrackit.vetclinic.VetclinicApplication - The following profiles are active: usage_message <no request,no span> 
20:57:24.064 [main] INFO  org.springframework.data.repository.config.RepositoryConfigurationDelegate - Bootstrapping Spring Data JPA repositories in DEFAULT mode. <no request,no span> 
20:57:24.309 [main] INFO  org.springframework.data.repository.config.RepositoryConfigurationDelegate - Finished Spring Data repository scanning in 215 ms. Found 5 JPA repository interfaces. <no request,no span> 
20:57:26.318 [main] INFO  org.springframework.boot.web.embedded.tomcat.TomcatWebServer - Tomcat initialized with port(s): 8080 (http) <no request,no span> 
20:57:26.348 [main] INFO  org.apache.coyote.http11.Http11NioProtocol - Initializing ProtocolHandler ["http-nio-8080"] <no request,no span> 
20:57:26.350 [main] INFO  org.apache.catalina.core.StandardService - Starting service [Tomcat] <no request,no span> 
20:57:26.351 [main] INFO  org.apache.catalina.core.StandardEngine - Starting Servlet engine: [Apache Tomcat/9.0.41] <no request,no span> 
20:57:26.627 [main] INFO  org.apache.catalina.core.ContainerBase.[Tomcat].[localhost].[/] - Initializing Spring embedded WebApplicationContext <no request,no span> 
20:57:26.643 [main] INFO  org.springframework.boot.web.servlet.context.ServletWebServerApplicationContext - Root WebApplicationContext: initialization completed in 6838 ms <no request,no span> 
20:57:27.370 [main] INFO  org.hibernate.jpa.internal.util.LogHelper - HHH000204: Processing PersistenceUnitInfo [name: default] <no request,no span> 
20:57:27.479 [main] INFO  org.hibernate.Version - HHH000412: Hibernate ORM core version 5.4.27.Final <no request,no span> 
20:57:27.854 [main] INFO  org.hibernate.annotations.common.Version - HCANN000001: Hibernate Commons Annotations {5.1.2.Final} <no request,no span> 
20:57:28.042 [main] INFO  com.zaxxer.hikari.HikariDataSource - HikariPool-1 - Starting... <no request,no span> 
20:57:28.411 [main] INFO  com.zaxxer.hikari.HikariDataSource - HikariPool-1 - Start completed. <no request,no span> 
20:57:28.442 [main] INFO  org.hibernate.dialect.Dialect - HHH000400: Using dialect: org.hibernate.dialect.PostgreSQL95Dialect <no request,no span> 
20:57:31.465 [main] INFO  org.hibernate.engine.transaction.jta.platform.internal.JtaPlatformInitiator - HHH000490: Using JtaPlatform implementation: [org.hibernate.engine.transaction.jta.platform.internal.NoJtaPlatform] <no request,no span> 
20:57:31.481 [main] INFO  org.springframework.orm.jpa.LocalContainerEntityManagerFactoryBean - Initialized JPA EntityManagerFactory for persistence unit 'default' <no request,no span> 
20:57:34.015 [main] WARN  org.springframework.boot.autoconfigure.orm.jpa.JpaBaseConfiguration$JpaWebConfiguration - spring.jpa.open-in-view is enabled by default. Therefore, database queries may be performed during view rendering. Explicitly configure spring.jpa.open-in-view to disable this warning <no request,no span> 
20:57:34.449 [main] INFO  org.springframework.boot.actuate.endpoint.web.EndpointLinksResolver - Exposing 2 endpoint(s) beneath base path '/actuator' <no request,no span> 
20:57:34.821 [main] INFO  org.springframework.scheduling.concurrent.ThreadPoolTaskExecutor - Initializing ExecutorService 'applicationTaskExecutor' <no request,no span> 
20:57:35.329 [main] INFO  org.apache.coyote.http11.Http11NioProtocol - Starting ProtocolHandler ["http-nio-8080"] <no request,no span> 
20:57:35.431 [main] INFO  org.springframework.boot.web.embedded.tomcat.TomcatWebServer - Tomcat started on port(s): 8080 (http) with context path '' <no request,no span> 
20:57:36.339 [main] INFO  ro.fasttrackit.vetclinic.VetclinicApplication - Started VetclinicApplication in 17.873 seconds (JVM running for 19.414) <no request,no span> 
20:57:51.295 [http-nio-8080-exec-2] INFO  org.apache.catalina.core.ContainerBase.[Tomcat].[localhost].[/] - Initializing Spring DispatcherServlet 'dispatcherServlet' <no request,no span> 
20:57:51.296 [http-nio-8080-exec-2] INFO  org.springframework.web.servlet.DispatcherServlet - Initializing Servlet 'dispatcherServlet' <no request,no span> 
20:57:51.299 [http-nio-8080-exec-2] INFO  org.springframework.web.servlet.DispatcherServlet - Completed initialization in 3 ms <no request,no span> 
